<?xml version='1.1' encoding='UTF-8'?>
<result plugin="junit@1.29">
  <suites>
    <suite>
      <file>/var/lib/jenkins/workspace/TestandoPipeline/api-test/target/surefire-reports/TEST-apitest.apiTest.xml</file>
      <name>apitest.apiTest</name>
      <duration>2.637</duration>
      <time>2.637</time>
      <nodeId>159</nodeId>
      <enclosingBlocks>
        <string>158</string>
      </enclosingBlocks>
      <enclosingBlockNames>
        <string>Declarative: Post Actions</string>
      </enclosingBlockNames>
      <cases>
        <case>
          <duration>1.55</duration>
          <className>apitest.apiTest</className>
          <testName>deveAdicionarTarefaComSucesso</testName>
          <skipped>false</skipped>
          <failedSince>0</failedSince>
        </case>
        <case>
          <duration>0.878</duration>
          <className>apitest.apiTest</className>
          <testName>naoDeveAdicionarTarefaInvalida</testName>
          <skipped>false</skipped>
          <failedSince>0</failedSince>
        </case>
        <case>
          <duration>0.209</duration>
          <className>apitest.apiTest</className>
          <testName>deveRetornarTarefas</testName>
          <skipped>false</skipped>
          <failedSince>0</failedSince>
        </case>
      </cases>
    </suite>
    <suite>
      <file>/var/lib/jenkins/workspace/TestandoPipeline/functional-test/target/surefire-reports/TEST-br.ce.wcaquino.tasks.functional.TasksTest.xml</file>
      <name>br.ce.wcaquino.tasks.functional.TasksTest</name>
      <duration>6.005</duration>
      <time>6.005</time>
      <nodeId>159</nodeId>
      <enclosingBlocks>
        <string>158</string>
      </enclosingBlocks>
      <enclosingBlockNames>
        <string>Declarative: Post Actions</string>
      </enclosingBlockNames>
      <cases>
        <case>
          <duration>4.733</duration>
          <className>br.ce.wcaquino.tasks.functional.TasksTest</className>
          <testName>naoDeveSalvarTarefaSemDescricao</testName>
          <skipped>false</skipped>
          <failedSince>0</failedSince>
        </case>
        <case>
          <duration>3.334</duration>
          <className>br.ce.wcaquino.tasks.functional.TasksTest</className>
          <testName>deveRemoverTarefaComSucesso</testName>
          <skipped>false</skipped>
          <failedSince>0</failedSince>
        </case>
        <case>
          <duration>5.99</duration>
          <className>br.ce.wcaquino.tasks.functional.TasksTest</className>
          <testName>deveSalvarTarefaComSucesso</testName>
          <skipped>false</skipped>
          <failedSince>0</failedSince>
        </case>
        <case>
          <duration>4.758</duration>
          <className>br.ce.wcaquino.tasks.functional.TasksTest</className>
          <testName>naoDeveSalvarTarefaSemData</testName>
          <skipped>false</skipped>
          <failedSince>0</failedSince>
        </case>
        <case>
          <duration>3.298</duration>
          <className>br.ce.wcaquino.tasks.functional.TasksTest</className>
          <testName>naoDeveSalvarTarefaComDataPassada</testName>
          <skipped>false</skipped>
          <failedSince>0</failedSince>
        </case>
      </cases>
    </suite>
    <suite>
      <file>/var/lib/jenkins/workspace/TestandoPipeline/target/surefire-reports/TEST-br.ce.wcaquino.taskbackend.controller.TaskControllerTest.xml</file>
      <name>br.ce.wcaquino.taskbackend.controller.TaskControllerTest</name>
      <duration>0.448</duration>
      <time>0.448</time>
      <nodeId>159</nodeId>
      <enclosingBlocks>
        <string>158</string>
      </enclosingBlocks>
      <enclosingBlockNames>
        <string>Declarative: Post Actions</string>
      </enclosingBlockNames>
      <cases>
        <case>
          <duration>0.265</duration>
          <className>br.ce.wcaquino.taskbackend.controller.TaskControllerTest</className>
          <testName>naoDeveSalvarTarefaSemDescricao</testName>
          <skipped>false</skipped>
          <failedSince>0</failedSince>
        </case>
        <case>
          <duration>0.065</duration>
          <className>br.ce.wcaquino.taskbackend.controller.TaskControllerTest</className>
          <testName>DeveSalvarTarefaComSucesso</testName>
          <skipped>false</skipped>
          <failedSince>0</failedSince>
        </case>
        <case>
          <duration>0.001</duration>
          <className>br.ce.wcaquino.taskbackend.controller.TaskControllerTest</className>
          <testName>naoDeveSalvarTarefaSemData</testName>
          <skipped>false</skipped>
          <failedSince>0</failedSince>
        </case>
        <case>
          <duration>0.001</duration>
          <className>br.ce.wcaquino.taskbackend.controller.TaskControllerTest</className>
          <testName>naoDeveSalvarTarefaComDataPassada</testName>
          <skipped>false</skipped>
          <failedSince>0</failedSince>
        </case>
      </cases>
    </suite>
    <suite>
      <file>/var/lib/jenkins/workspace/TestandoPipeline/target/surefire-reports/TEST-br.ce.wcaquino.taskbackend.utils.DateUtilsTest.xml</file>
      <name>br.ce.wcaquino.taskbackend.utils.DateUtilsTest</name>
      <duration>0.001</duration>
      <time>0.001</time>
      <nodeId>159</nodeId>
      <enclosingBlocks>
        <string>158</string>
      </enclosingBlocks>
      <enclosingBlockNames>
        <string>Declarative: Post Actions</string>
      </enclosingBlockNames>
      <cases>
        <case>
          <duration>0.001</duration>
          <className>br.ce.wcaquino.taskbackend.utils.DateUtilsTest</className>
          <testName>deveRetornarTrueParaDatasFuturas</testName>
          <skipped>false</skipped>
          <failedSince>0</failedSince>
        </case>
        <case>
          <duration>0.0</duration>
          <className>br.ce.wcaquino.taskbackend.utils.DateUtilsTest</className>
          <testName>deveRetornarTrueParaDatasAtual</testName>
          <skipped>false</skipped>
          <failedSince>0</failedSince>
        </case>
        <case>
          <duration>0.0</duration>
          <className>br.ce.wcaquino.taskbackend.utils.DateUtilsTest</className>
          <testName>deveRetornarFalseParaDatasFuturas</testName>
          <skipped>false</skipped>
          <failedSince>0</failedSince>
        </case>
      </cases>
    </suite>
  </suites>
  <duration>9.091001</duration>
  <keepLongStdio>false</keepLongStdio>
</result>