<?xml version='1.1' encoding='UTF-8'?>
<result plugin="junit@1.29">
  <suites>
    <suite>
      <file>/var/lib/jenkins/workspace/TestandoPipeline/api-test/target/surefire-reports/TEST-apitest.apiTest.xml</file>
      <name>apitest.apiTest</name>
      <duration>2.835</duration>
      <time>2.835</time>
      <nodeId>157</nodeId>
      <enclosingBlocks>
        <string>156</string>
      </enclosingBlocks>
      <enclosingBlockNames>
        <string>Declarative: Post Actions</string>
      </enclosingBlockNames>
      <cases>
        <case>
          <duration>1.638</duration>
          <className>apitest.apiTest</className>
          <testName>deveAdicionarTarefaComSucesso</testName>
          <skipped>false</skipped>
          <failedSince>0</failedSince>
        </case>
        <case>
          <duration>0.937</duration>
          <className>apitest.apiTest</className>
          <testName>naoDeveAdicionarTarefaInvalida</testName>
          <skipped>false</skipped>
          <failedSince>0</failedSince>
        </case>
        <case>
          <duration>0.26</duration>
          <className>apitest.apiTest</className>
          <testName>deveRetornarTarefas</testName>
          <skipped>false</skipped>
          <failedSince>0</failedSince>
        </case>
      </cases>
    </suite>
    <suite>
      <file>/var/lib/jenkins/workspace/TestandoPipeline/functional-test/target/surefire-reports/TEST-br.ce.wcaquino.tasks.functional.TasksTest.xml</file>
      <name>br.ce.wcaquino.tasks.functional.TasksTest</name>
      <duration>5.797</duration>
      <time>5.797</time>
      <nodeId>157</nodeId>
      <enclosingBlocks>
        <string>156</string>
      </enclosingBlocks>
      <enclosingBlockNames>
        <string>Declarative: Post Actions</string>
      </enclosingBlockNames>
      <cases>
        <case>
          <duration>4.568</duration>
          <className>br.ce.wcaquino.tasks.functional.TasksTest</className>
          <testName>naoDeveSalvarTarefaSemDescricao</testName>
          <skipped>false</skipped>
          <failedSince>0</failedSince>
        </case>
        <case>
          <duration>3.104</duration>
          <className>br.ce.wcaquino.tasks.functional.TasksTest</className>
          <testName>naoDeveSalvarTarefaSemData</testName>
          <skipped>false</skipped>
          <failedSince>0</failedSince>
        </case>
        <case>
          <duration>4.748</duration>
          <className>br.ce.wcaquino.tasks.functional.TasksTest</className>
          <testName>deveRemoverTarefaComSucesso</testName>
          <skipped>false</skipped>
          <failedSince>0</failedSince>
        </case>
        <case>
          <duration>3.142</duration>
          <className>br.ce.wcaquino.tasks.functional.TasksTest</className>
          <testName>deveSalvarTarefaComSucesso</testName>
          <skipped>false</skipped>
          <failedSince>0</failedSince>
        </case>
        <case>
          <duration>5.782</duration>
          <className>br.ce.wcaquino.tasks.functional.TasksTest</className>
          <testName>naoDeveSalvarTarefaComDataPassada</testName>
          <skipped>false</skipped>
          <failedSince>0</failedSince>
        </case>
      </cases>
    </suite>
    <suite>
      <file>/var/lib/jenkins/workspace/TestandoPipeline/target/surefire-reports/TEST-br.ce.wcaquino.taskbackend.controller.TaskControllerTest.xml</file>
      <name>br.ce.wcaquino.taskbackend.controller.TaskControllerTest</name>
      <duration>0.469</duration>
      <time>0.469</time>
      <nodeId>157</nodeId>
      <enclosingBlocks>
        <string>156</string>
      </enclosingBlocks>
      <enclosingBlockNames>
        <string>Declarative: Post Actions</string>
      </enclosingBlockNames>
      <cases>
        <case>
          <duration>0.249</duration>
          <className>br.ce.wcaquino.taskbackend.controller.TaskControllerTest</className>
          <testName>naoDeveSalvarTarefaSemDescricao</testName>
          <skipped>false</skipped>
          <failedSince>0</failedSince>
        </case>
        <case>
          <duration>0.065</duration>
          <className>br.ce.wcaquino.taskbackend.controller.TaskControllerTest</className>
          <testName>DeveSalvarTarefaComSucesso</testName>
          <skipped>false</skipped>
          <failedSince>0</failedSince>
        </case>
        <case>
          <duration>0.004</duration>
          <className>br.ce.wcaquino.taskbackend.controller.TaskControllerTest</className>
          <testName>naoDeveSalvarTarefaSemData</testName>
          <skipped>false</skipped>
          <failedSince>0</failedSince>
        </case>
        <case>
          <duration>0.0</duration>
          <className>br.ce.wcaquino.taskbackend.controller.TaskControllerTest</className>
          <testName>naoDeveSalvarTarefaComDataPassada</testName>
          <skipped>false</skipped>
          <failedSince>0</failedSince>
        </case>
      </cases>
    </suite>
    <suite>
      <file>/var/lib/jenkins/workspace/TestandoPipeline/target/surefire-reports/TEST-br.ce.wcaquino.taskbackend.utils.DateUtilsTest.xml</file>
      <name>br.ce.wcaquino.taskbackend.utils.DateUtilsTest</name>
      <duration>0.0</duration>
      <time>0</time>
      <nodeId>157</nodeId>
      <enclosingBlocks>
        <string>156</string>
      </enclosingBlocks>
      <enclosingBlockNames>
        <string>Declarative: Post Actions</string>
      </enclosingBlockNames>
      <cases>
        <case>
          <duration>0.0</duration>
          <className>br.ce.wcaquino.taskbackend.utils.DateUtilsTest</className>
          <testName>deveRetornarTrueParaDatasFuturas</testName>
          <skipped>false</skipped>
          <failedSince>0</failedSince>
        </case>
        <case>
          <duration>0.0</duration>
          <className>br.ce.wcaquino.taskbackend.utils.DateUtilsTest</className>
          <testName>deveRetornarTrueParaDatasAtual</testName>
          <skipped>false</skipped>
          <failedSince>0</failedSince>
        </case>
        <case>
          <duration>0.0</duration>
          <className>br.ce.wcaquino.taskbackend.utils.DateUtilsTest</className>
          <testName>deveRetornarFalseParaDatasFuturas</testName>
          <skipped>false</skipped>
          <failedSince>0</failedSince>
        </case>
      </cases>
    </suite>
  </suites>
  <duration>9.101</duration>
  <keepLongStdio>false</keepLongStdio>
</result>