<?xml version='1.1' encoding='UTF-8'?>
<result plugin="junit@1.28">
  <suites>
    <suite>
      <file>/var/lib/jenkins/workspace/DeployBack/target/surefire-reports/TEST-br.ce.wcaquino.taskbackend.controller.TaskControllerTest.xml</file>
      <name>br.ce.wcaquino.taskbackend.controller.TaskControllerTest</name>
      <duration>0.332</duration>
      <time>0.332</time>
      <enclosingBlocks/>
      <enclosingBlockNames/>
      <cases>
        <case>
          <duration>0.222</duration>
          <className>br.ce.wcaquino.taskbackend.controller.TaskControllerTest</className>
          <testName>naoDeveSalvarTarefaSemDescricao</testName>
          <skipped>false</skipped>
          <failedSince>0</failedSince>
        </case>
        <case>
          <duration>0.061</duration>
          <className>br.ce.wcaquino.taskbackend.controller.TaskControllerTest</className>
          <testName>DeveSalvarTarefaComSucesso</testName>
          <skipped>false</skipped>
          <failedSince>0</failedSince>
        </case>
        <case>
          <duration>0.001</duration>
          <className>br.ce.wcaquino.taskbackend.controller.TaskControllerTest</className>
          <testName>naoDeveSalvarTarefaSemData</testName>
          <skipped>false</skipped>
          <failedSince>0</failedSince>
        </case>
        <case>
          <duration>0.0</duration>
          <className>br.ce.wcaquino.taskbackend.controller.TaskControllerTest</className>
          <testName>naoDeveSalvarTarefaComDataPassada</testName>
          <skipped>false</skipped>
          <failedSince>0</failedSince>
        </case>
      </cases>
    </suite>
    <suite>
      <file>/var/lib/jenkins/workspace/DeployBack/target/surefire-reports/TEST-br.ce.wcaquino.taskbackend.utils.DateUtilsTest.xml</file>
      <name>br.ce.wcaquino.taskbackend.utils.DateUtilsTest</name>
      <duration>0.131</duration>
      <time>0.131</time>
      <enclosingBlocks/>
      <enclosingBlockNames/>
      <cases>
        <case>
          <duration>0.031</duration>
          <className>br.ce.wcaquino.taskbackend.utils.DateUtilsTest</className>
          <testName>deveRetornarTrueParaDatasFuturas</testName>
          <skipped>false</skipped>
          <failedSince>0</failedSince>
        </case>
        <case>
          <duration>0.0</duration>
          <className>br.ce.wcaquino.taskbackend.utils.DateUtilsTest</className>
          <testName>deveRetornarTrueParaDatasAtual</testName>
          <skipped>false</skipped>
          <failedSince>0</failedSince>
        </case>
        <case>
          <duration>0.0</duration>
          <className>br.ce.wcaquino.taskbackend.utils.DateUtilsTest</className>
          <testName>deveRetornarFalseParaDatasFuturas</testName>
          <skipped>false</skipped>
          <failedSince>0</failedSince>
        </case>
      </cases>
    </suite>
  </suites>
  <duration>0.463</duration>
  <keepLongStdio>false</keepLongStdio>
</result>