<?xml version='1.1' encoding='UTF-8'?>
<result plugin="junit@1.29">
  <suites>
    <suite>
      <file>/var/lib/jenkins/workspace/TestandoPipeline/api-test/target/surefire-reports/TEST-apitest.apiTest.xml</file>
      <name>apitest.apiTest</name>
      <duration>2.743</duration>
      <time>2.743</time>
      <nodeId>155</nodeId>
      <enclosingBlocks>
        <string>154</string>
      </enclosingBlocks>
      <enclosingBlockNames>
        <string>Declarative: Post Actions</string>
      </enclosingBlockNames>
      <cases>
        <case>
          <duration>1.491</duration>
          <className>apitest.apiTest</className>
          <testName>deveAdicionarTarefaComSucesso</testName>
          <skipped>false</skipped>
          <failedSince>0</failedSince>
        </case>
        <case>
          <duration>0.916</duration>
          <className>apitest.apiTest</className>
          <testName>naoDeveAdicionarTarefaInvalida</testName>
          <skipped>false</skipped>
          <failedSince>0</failedSince>
        </case>
        <case>
          <duration>0.336</duration>
          <className>apitest.apiTest</className>
          <testName>deveRetornarTarefas</testName>
          <skipped>false</skipped>
          <failedSince>0</failedSince>
        </case>
      </cases>
    </suite>
    <suite>
      <file>/var/lib/jenkins/workspace/TestandoPipeline/functional-test/target/surefire-reports/TEST-br.ce.wcaquino.tasks.functional.TasksTest.xml</file>
      <name>br.ce.wcaquino.tasks.functional.TasksTest</name>
      <duration>7.662</duration>
      <time>7.662</time>
      <nodeId>155</nodeId>
      <enclosingBlocks>
        <string>154</string>
      </enclosingBlocks>
      <enclosingBlockNames>
        <string>Declarative: Post Actions</string>
      </enclosingBlockNames>
      <cases>
        <case>
          <duration>4.654</duration>
          <className>br.ce.wcaquino.tasks.functional.TasksTest</className>
          <testName>naoDeveSalvarTarefaSemDescricao</testName>
          <skipped>false</skipped>
          <failedSince>0</failedSince>
        </case>
        <case>
          <duration>6.503</duration>
          <className>br.ce.wcaquino.tasks.functional.TasksTest</className>
          <testName>deveRemoverTarefaComSucesso</testName>
          <skipped>false</skipped>
          <failedSince>0</failedSince>
        </case>
        <case>
          <duration>7.659</duration>
          <className>br.ce.wcaquino.tasks.functional.TasksTest</className>
          <testName>naoDeveSalvarTarefaSemData</testName>
          <skipped>false</skipped>
          <failedSince>0</failedSince>
        </case>
        <case>
          <duration>6.401</duration>
          <className>br.ce.wcaquino.tasks.functional.TasksTest</className>
          <testName>naoDeveSalvarTarefaComDataPassada</testName>
          <skipped>false</skipped>
          <failedSince>0</failedSince>
        </case>
        <case>
          <duration>4.863</duration>
          <className>br.ce.wcaquino.tasks.functional.TasksTest</className>
          <testName>deveSalvarTarefaComSucesso</testName>
          <skipped>false</skipped>
          <failedSince>0</failedSince>
        </case>
      </cases>
    </suite>
    <suite>
      <file>/var/lib/jenkins/workspace/TestandoPipeline/target/surefire-reports/TEST-br.ce.wcaquino.taskbackend.controller.TaskControllerTest.xml</file>
      <name>br.ce.wcaquino.taskbackend.controller.TaskControllerTest</name>
      <duration>0.465</duration>
      <time>0.465</time>
      <nodeId>155</nodeId>
      <enclosingBlocks>
        <string>154</string>
      </enclosingBlocks>
      <enclosingBlockNames>
        <string>Declarative: Post Actions</string>
      </enclosingBlockNames>
      <cases>
        <case>
          <duration>0.268</duration>
          <className>br.ce.wcaquino.taskbackend.controller.TaskControllerTest</className>
          <testName>naoDeveSalvarTarefaSemDescricao</testName>
          <skipped>false</skipped>
          <failedSince>0</failedSince>
        </case>
        <case>
          <duration>0.064</duration>
          <className>br.ce.wcaquino.taskbackend.controller.TaskControllerTest</className>
          <testName>DeveSalvarTarefaComSucesso</testName>
          <skipped>false</skipped>
          <failedSince>0</failedSince>
        </case>
        <case>
          <duration>0.002</duration>
          <className>br.ce.wcaquino.taskbackend.controller.TaskControllerTest</className>
          <testName>naoDeveSalvarTarefaSemData</testName>
          <skipped>false</skipped>
          <failedSince>0</failedSince>
        </case>
        <case>
          <duration>0.0</duration>
          <className>br.ce.wcaquino.taskbackend.controller.TaskControllerTest</className>
          <testName>naoDeveSalvarTarefaComDataPassada</testName>
          <skipped>false</skipped>
          <failedSince>0</failedSince>
        </case>
      </cases>
    </suite>
    <suite>
      <file>/var/lib/jenkins/workspace/TestandoPipeline/target/surefire-reports/TEST-br.ce.wcaquino.taskbackend.utils.DateUtilsTest.xml</file>
      <name>br.ce.wcaquino.taskbackend.utils.DateUtilsTest</name>
      <duration>0.001</duration>
      <time>0.001</time>
      <nodeId>155</nodeId>
      <enclosingBlocks>
        <string>154</string>
      </enclosingBlocks>
      <enclosingBlockNames>
        <string>Declarative: Post Actions</string>
      </enclosingBlockNames>
      <cases>
        <case>
          <duration>0.0</duration>
          <className>br.ce.wcaquino.taskbackend.utils.DateUtilsTest</className>
          <testName>deveRetornarTrueParaDatasFuturas</testName>
          <skipped>false</skipped>
          <failedSince>0</failedSince>
        </case>
        <case>
          <duration>0.0</duration>
          <className>br.ce.wcaquino.taskbackend.utils.DateUtilsTest</className>
          <testName>deveRetornarTrueParaDatasAtual</testName>
          <skipped>false</skipped>
          <failedSince>0</failedSince>
        </case>
        <case>
          <duration>0.0</duration>
          <className>br.ce.wcaquino.taskbackend.utils.DateUtilsTest</className>
          <testName>deveRetornarFalseParaDatasFuturas</testName>
          <skipped>false</skipped>
          <failedSince>0</failedSince>
        </case>
      </cases>
    </suite>
  </suites>
  <duration>10.871001</duration>
  <keepLongStdio>false</keepLongStdio>
</result>